<?xml version="1.0" encoding="UTF-8"?>
<!-- Generated by org.testng.reporters.JUnitReportReporter -->
<testsuite hostname="LTIN217458" failures="0" tests="7" name="stepDefinations.DisplayDoctors" time="23.514" errors="0" timestamp="2024-02-29T17:56:16 IST" skipped="0">
  <testcase classname="stepDefinations.DisplayDoctors" name="user_present_on_practo_com_website_one" time="3.236"/>
  <testcase classname="stepDefinations.DisplayDoctors" name="user_enters_city_bangalore_in_seachbox" time="0.793"/>
  <testcase classname="stepDefinations.DisplayDoctors" name="user_clicks_on_bangalore_option" time="0.235"/>
  <testcase classname="stepDefinations.DisplayDoctors" name="user_enters_medical_specialist_cardiologist_in_seachbox" time="0.187"/>
  <testcase classname="stepDefinations.DisplayDoctors" name="user_clicks_on_cardiologist_option" time="3.713"/>
  <testcase classname="stepDefinations.DisplayDoctors" name="user_applies_filters" time="5.552"/>
  <testcase classname="stepDefinations.DisplayDoctors" name="user_displays_the_first_five_doctors" time="9.798"/>
</testsuite> <!-- stepDefinations.DisplayDoctors -->
