<?xml version="1.0" encoding="UTF-8"?>
<!-- Generated by org.testng.reporters.JUnitReportReporter -->
<testsuite hostname="LTIN217458" failures="0" tests="3" name="stepDefinations.DisplaySurgeries" time="4.966" errors="0" timestamp="2024-02-29T17:56:16 IST" skipped="0">
  <testcase classname="stepDefinations.DisplaySurgeries" name="user_present_on_practo_com_website" time="0.087"/>
  <testcase classname="stepDefinations.DisplaySurgeries" name="user_clicks_on_surgeries" time="2.777"/>
  <testcase classname="stepDefinations.DisplaySurgeries" name="user_displays_the_surgeries_list" time="2.102"/>
</testsuite> <!-- stepDefinations.DisplaySurgeries -->
